2018-01-30 09:43:17,309 INFO  [org.jboss.modules] (main) JBoss Modules version 1.5.2.Final
2018-01-30 09:43:19,058 INFO  [org.jboss.msc] (main) JBoss MSC version 1.2.6.Final
2018-01-30 09:43:19,385 INFO  [org.jboss.as] (MSC service thread 1-1) WFLYSRV0049: WildFly Full 10.1.0.Final (WildFly Core 2.2.0.Final) starting
2018-01-30 09:43:19,388 DEBUG [org.jboss.as.config] (MSC service thread 1-1) Configured system properties:
	awt.toolkit = sun.awt.X11.XToolkit
	file.encoding = UTF-8
	file.encoding.pkg = sun.io
	file.separator = /
	java.awt.graphicsenv = sun.awt.X11GraphicsEnvironment
	java.awt.headless = true
	java.awt.printerjob = sun.print.PSPrinterJob
	java.class.path = /home/luanadriani/java/server/wildfly-10.1.0.Final/jboss-modules.jar
	java.class.version = 52.0
	java.endorsed.dirs = /usr/lib/jvm/java-8-oracle/jre/lib/endorsed
	java.ext.dirs = /usr/lib/jvm/java-8-oracle/jre/lib/ext:/usr/java/packages/lib/ext
	java.home = /usr/lib/jvm/java-8-oracle/jre
	java.io.tmpdir = /tmp
	java.library.path = /usr/java/packages/lib/amd64:/usr/lib64:/lib64:/lib:/usr/lib
	java.net.preferIPv4Stack = true
	java.runtime.name = Java(TM) SE Runtime Environment
	java.runtime.version = 1.8.0_144-b01
	java.specification.name = Java Platform API Specification
	java.specification.vendor = Oracle Corporation
	java.specification.version = 1.8
	java.util.logging.manager = org.jboss.logmanager.LogManager
	java.vendor = Oracle Corporation
	java.vendor.url = http://java.oracle.com/
	java.vendor.url.bug = http://bugreport.sun.com/bugreport/
	java.version = 1.8.0_144
	java.vm.info = mixed mode
	java.vm.name = Java HotSpot(TM) 64-Bit Server VM
	java.vm.specification.name = Java Virtual Machine Specification
	java.vm.specification.vendor = Oracle Corporation
	java.vm.specification.version = 1.8
	java.vm.vendor = Oracle Corporation
	java.vm.version = 25.144-b01
	javax.management.builder.initial = org.jboss.as.jmx.PluggableMBeanServerBuilder
	javax.xml.datatype.DatatypeFactory = __redirected.__DatatypeFactory
	javax.xml.parsers.DocumentBuilderFactory = __redirected.__DocumentBuilderFactory
	javax.xml.parsers.SAXParserFactory = __redirected.__SAXParserFactory
	javax.xml.stream.XMLEventFactory = __redirected.__XMLEventFactory
	javax.xml.stream.XMLInputFactory = __redirected.__XMLInputFactory
	javax.xml.stream.XMLOutputFactory = __redirected.__XMLOutputFactory
	javax.xml.transform.TransformerFactory = __redirected.__TransformerFactory
	javax.xml.validation.SchemaFactory:http://www.w3.org/2001/XMLSchema = __redirected.__SchemaFactory
	javax.xml.xpath.XPathFactory:http://java.sun.com/jaxp/xpath/dom = __redirected.__XPathFactory
	jboss.bind.address = localhost
	jboss.bind.address.management = localhost
	jboss.home.dir = /home/luanadriani/java/server/wildfly-10.1.0.Final
	jboss.host.name = not-luan
	jboss.modules.dir = /home/luanadriani/java/server/wildfly-10.1.0.Final/modules
	jboss.modules.system.pkgs = org.jboss.byteman
	jboss.node.name = not-luan
	jboss.qualified.host.name = not-luan
	jboss.server.base.dir = /home/luanadriani/java/server/wildfly-10.1.0.Final/standalone
	jboss.server.config.dir = /home/luanadriani/java/server/wildfly-10.1.0.Final/standalone/configuration
	jboss.server.data.dir = /home/luanadriani/java/server/wildfly-10.1.0.Final/standalone/data
	jboss.server.deploy.dir = /home/luanadriani/java/server/wildfly-10.1.0.Final/standalone/data/content
	jboss.server.log.dir = /home/luanadriani/java/server/wildfly-10.1.0.Final/standalone/log
	jboss.server.name = not-luan
	jboss.server.persist.config = true
	jboss.server.temp.dir = /home/luanadriani/java/server/wildfly-10.1.0.Final/standalone/tmp
	line.separator = 

	logging.configuration = file:/home/luanadriani/java/server/wildfly-10.1.0.Final/standalone/configuration/logging.properties
	module.path = /home/luanadriani/java/server/wildfly-10.1.0.Final/modules
	org.jboss.boot.log.file = /home/luanadriani/java/server/wildfly-10.1.0.Final/standalone/log/boot.log
	org.jboss.logmanager.nocolor = true
	org.jboss.resolver.warning = true
	org.xml.sax.driver = __redirected.__XMLReaderFactory
	os.arch = amd64
	os.name = Linux
	os.version = 4.10.0-37-generic
	path.separator = :
	program.name = JBossTools: WildFly 10.x
	sun.arch.data.model = 64
	sun.boot.class.path = /usr/lib/jvm/java-8-oracle/jre/lib/resources.jar:/usr/lib/jvm/java-8-oracle/jre/lib/rt.jar:/usr/lib/jvm/java-8-oracle/jre/lib/sunrsasign.jar:/usr/lib/jvm/java-8-oracle/jre/lib/jsse.jar:/usr/lib/jvm/java-8-oracle/jre/lib/jce.jar:/usr/lib/jvm/java-8-oracle/jre/lib/charsets.jar:/usr/lib/jvm/java-8-oracle/jre/lib/jfr.jar:/usr/lib/jvm/java-8-oracle/jre/classes
	sun.boot.library.path = /usr/lib/jvm/java-8-oracle/jre/lib/amd64
	sun.cpu.endian = little
	sun.cpu.isalist = 
	sun.desktop = gnome
	sun.io.unicode.encoding = UnicodeLittle
	sun.java.command = org.jboss.modules.Main -mp /home/luanadriani/java/server/wildfly-10.1.0.Final/modules org.jboss.as.standalone -b localhost --server-config=standalone.xml -Djboss.server.base.dir=/home/luanadriani/java/server/wildfly-10.1.0.Final/standalone
	sun.java.launcher = SUN_STANDARD
	sun.jnu.encoding = UTF-8
	sun.management.compiler = HotSpot 64-Bit Tiered Compilers
	sun.os.patch.level = unknown
	sun.rmi.dgc.client.gcInterval = 3600000
	sun.rmi.dgc.server.gcInterval = 3600000
	user.country = US
	user.country.format = BR
	user.dir = /home/luanadriani/java/server/wildfly-10.1.0.Final/bin
	user.home = /home/luanadriani
	user.language = en
	user.language.format = pt
	user.name = luanadriani
	user.timezone = America/Sao_Paulo
2018-01-30 09:43:19,389 DEBUG [org.jboss.as.config] (MSC service thread 1-1) VM Arguments: -agentlib:jdwp=transport=dt_socket,suspend=y,address=localhost:41779 -Dprogram.name=JBossTools: WildFly 10.x -Xms64m -Xmx512m -Dorg.jboss.resolver.warning=true -Djava.net.preferIPv4Stack=true -Dsun.rmi.dgc.client.gcInterval=3600000 -Dsun.rmi.dgc.server.gcInterval=3600000 -Djboss.modules.system.pkgs=org.jboss.byteman -Djava.awt.headless=true -Dorg.jboss.boot.log.file=/home/luanadriani/java/server/wildfly-10.1.0.Final/standalone/log/boot.log -Dlogging.configuration=file:/home/luanadriani/java/server/wildfly-10.1.0.Final/standalone/configuration/logging.properties -Djboss.home.dir=/home/luanadriani/java/server/wildfly-10.1.0.Final -Dorg.jboss.logmanager.nocolor=true -Djboss.bind.address.management=localhost -Dfile.encoding=UTF-8 
2018-01-30 09:43:26,144 INFO  [org.jboss.as.server.deployment.scanner] (DeploymentScanner-threads - 1) WFLYDS0004: Found home-0.0.1-SNAPSHOT.war in deployment directory. To trigger deployment create a file called home-0.0.1-SNAPSHOT.war.dodeploy
2018-01-30 09:43:26,349 INFO  [org.jboss.as.server] (Controller Boot Thread) WFLYSRV0039: Creating http management service using socket-binding (management-http)
2018-01-30 09:43:26,410 INFO  [org.xnio] (MSC service thread 1-2) XNIO version 3.4.0.Final
2018-01-30 09:43:26,435 INFO  [org.xnio.nio] (MSC service thread 1-2) XNIO NIO Implementation Version 3.4.0.Final
2018-01-30 09:43:26,560 INFO  [org.jboss.as.clustering.infinispan] (ServerService Thread Pool -- 38) WFLYCLINF0001: Activating Infinispan subsystem.
2018-01-30 09:43:26,582 INFO  [org.jboss.as.naming] (ServerService Thread Pool -- 46) WFLYNAM0001: Activating Naming Subsystem
2018-01-30 09:43:26,609 WARN  [org.jboss.as.txn] (ServerService Thread Pool -- 54) WFLYTX0013: Node identifier property is set to the default value. Please make sure it is unique.
2018-01-30 09:43:26,659 INFO  [org.jboss.as.security] (ServerService Thread Pool -- 53) WFLYSEC0002: Activating Security Subsystem
2018-01-30 09:43:26,731 INFO  [org.wildfly.extension.io] (ServerService Thread Pool -- 37) WFLYIO001: Worker 'default' has auto-configured to 4 core threads with 32 task threads based on your 2 available processors
2018-01-30 09:43:26,754 INFO  [org.jboss.as.webservices] (ServerService Thread Pool -- 56) WFLYWS0002: Activating WebServices Extension
2018-01-30 09:43:26,767 INFO  [org.jboss.as.jsf] (ServerService Thread Pool -- 44) WFLYJSF0007: Activated the following JSF Implementations: [main]
2018-01-30 09:43:26,875 INFO  [org.jboss.as.naming] (MSC service thread 1-4) WFLYNAM0003: Starting Naming Service
2018-01-30 09:43:26,973 INFO  [org.jboss.remoting] (MSC service thread 1-3) JBoss Remoting version 4.0.21.Final
2018-01-30 09:43:27,104 INFO  [org.jboss.as.security] (MSC service thread 1-1) WFLYSEC0001: Current PicketBox version=4.9.6.Final
2018-01-30 09:43:27,883 INFO  [org.jboss.as.mail.extension] (MSC service thread 1-3) WFLYMAIL0001: Bound mail session [java:jboss/mail/Default]
2018-01-30 09:43:27,912 INFO  [org.jboss.as.connector] (MSC service thread 1-2) WFLYJCA0009: Starting JCA Subsystem (WildFly/IronJacamar 1.3.4.Final)
2018-01-30 09:43:28,226 INFO  [org.jboss.as.connector.subsystems.datasources] (ServerService Thread Pool -- 33) WFLYJCA0004: Deploying JDBC-compliant driver class org.h2.Driver (version 1.3)
2018-01-30 09:43:28,413 INFO  [org.jboss.as.connector.deployers.jdbc] (MSC service thread 1-2) WFLYJCA0018: Started Driver service with driver-name = h2
2018-01-30 09:43:28,513 INFO  [org.wildfly.extension.undertow] (MSC service thread 1-3) WFLYUT0003: Undertow 1.4.0.Final starting
2018-01-30 09:43:28,759 INFO  [org.wildfly.extension.undertow] (ServerService Thread Pool -- 55) WFLYUT0014: Creating file handler for path '/home/luanadriani/java/server/wildfly-10.1.0.Final/welcome-content' with options [directory-listing: 'false', follow-symlink: 'false', case-sensitive: 'true', safe-symlink-paths: '[]']
2018-01-30 09:43:29,262 INFO  [org.jboss.as.ejb3] (MSC service thread 1-3) WFLYEJB0481: Strict pool slsb-strict-max-pool is using a max instance size of 32 (per class), which is derived from thread worker pool sizing.
2018-01-30 09:43:29,263 INFO  [org.jboss.as.ejb3] (MSC service thread 1-2) WFLYEJB0482: Strict pool mdb-strict-max-pool is using a max instance size of 8 (per class), which is derived from the number of CPUs on this host.
2018-01-30 09:43:29,310 INFO  [org.wildfly.extension.undertow] (MSC service thread 1-4) WFLYUT0012: Started server default-server.
2018-01-30 09:43:29,311 INFO  [org.wildfly.extension.undertow] (MSC service thread 1-4) WFLYUT0018: Host default-host starting
2018-01-30 09:43:29,790 INFO  [org.wildfly.extension.undertow] (MSC service thread 1-4) WFLYUT0006: Undertow HTTP listener default listening on 127.0.0.1:8080
2018-01-30 09:43:30,164 INFO  [org.jboss.as.connector.subsystems.datasources] (MSC service thread 1-2) WFLYJCA0001: Bound data source [java:jboss/datasources/ExampleDS]
2018-01-30 09:43:30,386 WARN  [org.jboss.as.domain.management.security] (MSC service thread 1-2) WFLYDM0111: Keystore /home/luanadriani/java/server/wildfly-10.1.0.Final/standalone/configuration/application.keystore not found, it will be auto generated on first use with a self signed certificate for host localhost
2018-01-30 09:43:31,244 INFO  [org.infinispan.factories.GlobalComponentRegistry] (MSC service thread 1-2) ISPN000128: Infinispan version: Infinispan 'Chakra' 8.2.4.Final
2018-01-30 09:43:31,478 INFO  [org.jboss.as.server.deployment.scanner] (MSC service thread 1-1) WFLYDS0013: Started FileSystemDeploymentService for directory /home/luanadriani/java/server/wildfly-10.1.0.Final/standalone/deployments
2018-01-30 09:43:31,501 INFO  [org.jboss.as.server.deployment] (MSC service thread 1-4) WFLYSRV0027: Starting deployment of "home-0.0.1-SNAPSHOT.war" (runtime-name: "home-0.0.1-SNAPSHOT.war")
2018-01-30 09:43:31,499 INFO  [org.jboss.as.server.deployment] (MSC service thread 1-2) WFLYSRV0027: Starting deployment of "mysql-connector-java-5.1.44-bin.jar" (runtime-name: "mysql-connector-java-5.1.44-bin.jar")
2018-01-30 09:43:31,581 INFO  [org.infinispan.configuration.cache.EvictionConfigurationBuilder] (ServerService Thread Pool -- 58) ISPN000152: Passivation configured without an eviction policy being selected. Only manually evicted entities will be passivated.
2018-01-30 09:43:31,670 INFO  [org.infinispan.configuration.cache.EvictionConfigurationBuilder] (ServerService Thread Pool -- 58) ISPN000152: Passivation configured without an eviction policy being selected. Only manually evicted entities will be passivated.
2018-01-30 09:43:31,644 INFO  [org.infinispan.configuration.cache.EvictionConfigurationBuilder] (ServerService Thread Pool -- 63) ISPN000152: Passivation configured without an eviction policy being selected. Only manually evicted entities will be passivated.
2018-01-30 09:43:31,672 INFO  [org.infinispan.configuration.cache.EvictionConfigurationBuilder] (ServerService Thread Pool -- 63) ISPN000152: Passivation configured without an eviction policy being selected. Only manually evicted entities will be passivated.
2018-01-30 09:43:31,688 INFO  [org.infinispan.configuration.cache.EvictionConfigurationBuilder] (ServerService Thread Pool -- 60) ISPN000152: Passivation configured without an eviction policy being selected. Only manually evicted entities will be passivated.
2018-01-30 09:43:31,689 INFO  [org.infinispan.configuration.cache.EvictionConfigurationBuilder] (ServerService Thread Pool -- 60) ISPN000152: Passivation configured without an eviction policy being selected. Only manually evicted entities will be passivated.
2018-01-30 09:43:33,322 INFO  [org.wildfly.extension.undertow] (MSC service thread 1-3) WFLYUT0006: Undertow HTTPS listener https listening on 127.0.0.1:8443
2018-01-30 09:43:34,015 INFO  [org.jboss.ws.common.management] (MSC service thread 1-3) JBWS022052: Starting JBossWS 5.1.5.Final (Apache CXF 3.1.6) 
2018-01-30 09:43:35,474 INFO  [org.jboss.as.jpa] (MSC service thread 1-2) WFLYJPA0002: Read persistence.xml for homePU
2018-01-30 09:43:35,804 INFO  [org.jboss.as.connector.deployers.jdbc] (MSC service thread 1-1) WFLYJCA0005: Deploying non-JDBC-compliant driver class com.mysql.jdbc.Driver (version 5.1)
2018-01-30 09:43:35,808 INFO  [org.jboss.as.connector.deployers.jdbc] (MSC service thread 1-1) WFLYJCA0005: Deploying non-JDBC-compliant driver class com.mysql.fabric.jdbc.FabricMySQLDriver (version 5.1)
2018-01-30 09:43:35,944 INFO  [org.jboss.as.connector.deployers.jdbc] (MSC service thread 1-2) WFLYJCA0018: Started Driver service with driver-name = mysql-connector-java-5.1.44-bin.jar_com.mysql.jdbc.Driver_5_1
2018-01-30 09:43:35,957 INFO  [org.jboss.as.connector.deployers.jdbc] (MSC service thread 1-1) WFLYJCA0018: Started Driver service with driver-name = mysql-connector-java-5.1.44-bin.jar_com.mysql.fabric.jdbc.FabricMySQLDriver_5_1
2018-01-30 09:43:35,990 INFO  [org.jboss.as.connector.subsystems.datasources] (MSC service thread 1-2) WFLYJCA0001: Bound data source [java:/MySqlDS]
2018-01-30 09:43:35,994 INFO  [org.jboss.as.jpa] (ServerService Thread Pool -- 62) WFLYJPA0010: Starting Persistence Unit (phase 1 of 2) Service 'home-0.0.1-SNAPSHOT.war#homePU'
2018-01-30 09:43:36,158 INFO  [org.jboss.weld.deployer] (MSC service thread 1-3) WFLYWELD0003: Processing weld deployment home-0.0.1-SNAPSHOT.war
2018-01-30 09:43:36,391 INFO  [org.hibernate.jpa.internal.util.LogHelper] (ServerService Thread Pool -- 62) HHH000204: Processing PersistenceUnitInfo [
	name: homePU
	...]
2018-01-30 09:43:37,011 INFO  [org.hibernate.validator.internal.util.Version] (MSC service thread 1-3) HV000001: Hibernate Validator 5.2.4.Final
2018-01-30 09:43:37,201 INFO  [org.hibernate.Version] (ServerService Thread Pool -- 62) HHH000412: Hibernate Core {5.0.10.Final}
2018-01-30 09:43:37,205 INFO  [org.hibernate.cfg.Environment] (ServerService Thread Pool -- 62) HHH000206: hibernate.properties not found
2018-01-30 09:43:37,234 INFO  [org.hibernate.cfg.Environment] (ServerService Thread Pool -- 62) HHH000021: Bytecode provider name : javassist
2018-01-30 09:43:37,530 INFO  [org.hibernate.annotations.common.Version] (ServerService Thread Pool -- 62) HCANN000001: Hibernate Commons Annotations {5.0.1.Final}
2018-01-30 09:43:37,809 INFO  [org.jboss.as.ejb3.deployment] (MSC service thread 1-3) WFLYEJB0473: JNDI bindings for session bean named 'PaisEJB' in deployment unit 'deployment "home-0.0.1-SNAPSHOT.war"' are as follows:

	java:global/home-0.0.1-SNAPSHOT/PaisEJB!controller.ejb.PaisEJB
	java:app/home-0.0.1-SNAPSHOT/PaisEJB!controller.ejb.PaisEJB
	java:module/PaisEJB!controller.ejb.PaisEJB
	java:global/home-0.0.1-SNAPSHOT/PaisEJB
	java:app/home-0.0.1-SNAPSHOT/PaisEJB
	java:module/PaisEJB

2018-01-30 09:43:38,651 INFO  [org.infinispan.configuration.cache.EvictionConfigurationBuilder] (ServerService Thread Pool -- 62) ISPN000152: Passivation configured without an eviction policy being selected. Only manually evicted entities will be passivated.
2018-01-30 09:43:38,652 INFO  [org.infinispan.configuration.cache.EvictionConfigurationBuilder] (ServerService Thread Pool -- 62) ISPN000152: Passivation configured without an eviction policy being selected. Only manually evicted entities will be passivated.
2018-01-30 09:43:39,195 INFO  [org.jboss.weld.Version] (MSC service thread 1-3) WELD-000900: 2.3.5 (Final)
2018-01-30 09:43:40,303 INFO  [org.jboss.as.jpa] (ServerService Thread Pool -- 60) WFLYJPA0010: Starting Persistence Unit (phase 2 of 2) Service 'home-0.0.1-SNAPSHOT.war#homePU'
2018-01-30 09:43:40,591 INFO  [org.jboss.as.clustering.infinispan] (ServerService Thread Pool -- 62) WFLYCLINF0002: Started client-mappings cache from ejb container
2018-01-30 09:43:41,850 ERROR [stderr] (ServerService Thread Pool -- 60) Tue Jan 30 09:43:41 BRST 2018 WARN: Establishing SSL connection without server's identity verification is not recommended. According to MySQL 5.5.45+, 5.6.26+ and 5.7.6+ requirements SSL connection must be established by default if explicit option isn't set. For compliance with existing applications not using SSL the verifyServerCertificate property is set to 'false'. You need either to explicitly disable SSL by setting useSSL=false, or set useSSL=true and provide truststore for server certificate verification.
2018-01-30 09:43:42,729 INFO  [org.hibernate.dialect.Dialect] (ServerService Thread Pool -- 60) HHH000400: Using dialect: org.hibernate.dialect.MySQL5Dialect
2018-01-30 09:43:43,056 INFO  [org.hibernate.envers.boot.internal.EnversServiceImpl] (ServerService Thread Pool -- 60) Envers integration enabled? : true
2018-01-30 09:43:44,286 INFO  [org.hibernate.tool.hbm2ddl.SchemaValidator] (ServerService Thread Pool -- 60) HHH000229: Running schema validator
2018-01-30 09:43:46,698 INFO  [javax.enterprise.resource.webcontainer.jsf.config] (ServerService Thread Pool -- 62) Initializing Mojarra 2.2.13.SP1 20160303-1204 for context '/home'
2018-01-30 09:43:48,314 INFO  [org.wildfly.extension.undertow] (ServerService Thread Pool -- 62) WFLYUT0021: Registered web context: /home
2018-01-30 09:43:48,431 INFO  [org.jboss.as.server] (Controller Boot Thread) WFLYSRV0010: Deployed "mysql-connector-java-5.1.44-bin.jar" (runtime-name : "mysql-connector-java-5.1.44-bin.jar")
2018-01-30 09:43:48,433 INFO  [org.jboss.as.server] (ServerService Thread Pool -- 34) WFLYSRV0010: Deployed "home-0.0.1-SNAPSHOT.war" (runtime-name : "home-0.0.1-SNAPSHOT.war")
2018-01-30 09:43:48,705 INFO  [org.jboss.as] (Controller Boot Thread) WFLYSRV0060: Http management interface listening on http://127.0.0.1:9990/management
2018-01-30 09:43:48,706 INFO  [org.jboss.as] (Controller Boot Thread) WFLYSRV0051: Admin console listening on http://127.0.0.1:9990
2018-01-30 09:43:48,706 INFO  [org.jboss.as] (Controller Boot Thread) WFLYSRV0025: WildFly Full 10.1.0.Final (WildFly Core 2.2.0.Final) started in 33767ms - Started 517 of 759 services (413 services are lazy, passive or on-demand)
2018-01-30 09:45:38,693 INFO  [org.jboss.as.server] (management-handler-thread - 6) WFLYSRV0236: Suspending server with no timeout.
2018-01-30 09:45:38,772 INFO  [org.jboss.as.server] (Management Triggered Shutdown) WFLYSRV0241: Shutting down in response to management operation 'shutdown'
2018-01-30 09:45:38,992 INFO  [org.jboss.as.connector.deployers.jdbc] (MSC service thread 1-3) WFLYJCA0019: Stopped Driver service with driver-name = mysql-connector-java-5.1.44-bin.jar_com.mysql.fabric.jdbc.FabricMySQLDriver_5_1
2018-01-30 09:45:39,129 INFO  [org.wildfly.extension.undertow] (ServerService Thread Pool -- 68) WFLYUT0022: Unregistered web context: /home
2018-01-30 09:45:39,444 INFO  [org.wildfly.extension.undertow] (MSC service thread 1-4) WFLYUT0019: Host default-host stopping
2018-01-30 09:45:39,562 INFO  [org.jboss.as.connector.subsystems.datasources] (MSC service thread 1-1) WFLYJCA0010: Unbound data source [java:jboss/datasources/ExampleDS]
2018-01-30 09:45:39,577 INFO  [org.jboss.as.jpa] (ServerService Thread Pool -- 70) WFLYJPA0011: Stopping Persistence Unit (phase 2 of 2) Service 'home-0.0.1-SNAPSHOT.war#homePU'
2018-01-30 09:45:39,582 INFO  [org.jboss.as.jpa] (ServerService Thread Pool -- 70) WFLYJPA0011: Stopping Persistence Unit (phase 1 of 2) Service 'home-0.0.1-SNAPSHOT.war#homePU'
2018-01-30 09:45:39,586 INFO  [org.jboss.as.connector.subsystems.datasources] (MSC service thread 1-1) WFLYJCA0010: Unbound data source [java:/MySqlDS]
2018-01-30 09:45:39,641 INFO  [org.jboss.as.server.deployment] (MSC service thread 1-4) WFLYSRV0028: Stopped deployment home-0.0.1-SNAPSHOT.war (runtime-name: home-0.0.1-SNAPSHOT.war) in 717ms
2018-01-30 09:45:39,656 INFO  [org.jboss.as.connector.deployers.jdbc] (MSC service thread 1-2) WFLYJCA0019: Stopped Driver service with driver-name = h2
2018-01-30 09:45:39,660 INFO  [org.jboss.as.clustering.infinispan] (ServerService Thread Pool -- 69) WFLYCLINF0003: Stopped client-mappings cache from ejb container
2018-01-30 09:45:39,754 INFO  [org.jboss.as.connector.deployers.jdbc] (MSC service thread 1-4) WFLYJCA0019: Stopped Driver service with driver-name = mysql-connector-java-5.1.44-bin.jar_com.mysql.jdbc.Driver_5_1
2018-01-30 09:45:39,785 INFO  [org.wildfly.extension.undertow] (MSC service thread 1-1) WFLYUT0008: Undertow HTTPS listener https suspending
2018-01-30 09:45:39,785 INFO  [org.wildfly.extension.undertow] (MSC service thread 1-4) WFLYUT0008: Undertow HTTP listener default suspending
2018-01-30 09:45:39,786 INFO  [org.wildfly.extension.undertow] (MSC service thread 1-1) WFLYUT0007: Undertow HTTPS listener https stopped, was bound to 127.0.0.1:8443
2018-01-30 09:45:39,786 INFO  [org.wildfly.extension.undertow] (MSC service thread 1-4) WFLYUT0007: Undertow HTTP listener default stopped, was bound to 127.0.0.1:8080
2018-01-30 09:45:39,813 INFO  [org.wildfly.extension.undertow] (MSC service thread 1-3) WFLYUT0004: Undertow 1.4.0.Final stopping
2018-01-30 09:45:39,889 INFO  [org.jboss.as.server.deployment] (MSC service thread 1-2) WFLYSRV0028: Stopped deployment mysql-connector-java-5.1.44-bin.jar (runtime-name: mysql-connector-java-5.1.44-bin.jar) in 965ms
2018-01-30 09:45:39,978 INFO  [org.jboss.as] (MSC service thread 1-2) WFLYSRV0050: WildFly Full 10.1.0.Final (WildFly Core 2.2.0.Final) stopped in 982ms
2018-01-30 09:46:47,236 INFO  [org.jboss.modules] (main) JBoss Modules version 1.5.2.Final
2018-01-30 09:46:49,364 INFO  [org.jboss.msc] (main) JBoss MSC version 1.2.6.Final
2018-01-30 09:46:49,776 INFO  [org.jboss.as] (MSC service thread 1-1) WFLYSRV0049: WildFly Full 10.1.0.Final (WildFly Core 2.2.0.Final) starting
2018-01-30 09:46:49,779 DEBUG [org.jboss.as.config] (MSC service thread 1-1) Configured system properties:
	awt.toolkit = sun.awt.X11.XToolkit
	file.encoding = UTF-8
	file.encoding.pkg = sun.io
	file.separator = /
	java.awt.graphicsenv = sun.awt.X11GraphicsEnvironment
	java.awt.headless = true
	java.awt.printerjob = sun.print.PSPrinterJob
	java.class.path = /home/luanadriani/java/server/wildfly-10.1.0.Final/jboss-modules.jar
	java.class.version = 52.0
	java.endorsed.dirs = /usr/lib/jvm/java-8-oracle/jre/lib/endorsed
	java.ext.dirs = /usr/lib/jvm/java-8-oracle/jre/lib/ext:/usr/java/packages/lib/ext
	java.home = /usr/lib/jvm/java-8-oracle/jre
	java.io.tmpdir = /tmp
	java.library.path = /usr/java/packages/lib/amd64:/usr/lib64:/lib64:/lib:/usr/lib
	java.net.preferIPv4Stack = true
	java.runtime.name = Java(TM) SE Runtime Environment
	java.runtime.version = 1.8.0_144-b01
	java.specification.name = Java Platform API Specification
	java.specification.vendor = Oracle Corporation
	java.specification.version = 1.8
	java.util.logging.manager = org.jboss.logmanager.LogManager
	java.vendor = Oracle Corporation
	java.vendor.url = http://java.oracle.com/
	java.vendor.url.bug = http://bugreport.sun.com/bugreport/
	java.version = 1.8.0_144
	java.vm.info = mixed mode
	java.vm.name = Java HotSpot(TM) 64-Bit Server VM
	java.vm.specification.name = Java Virtual Machine Specification
	java.vm.specification.vendor = Oracle Corporation
	java.vm.specification.version = 1.8
	java.vm.vendor = Oracle Corporation
	java.vm.version = 25.144-b01
	javax.management.builder.initial = org.jboss.as.jmx.PluggableMBeanServerBuilder
	javax.xml.datatype.DatatypeFactory = __redirected.__DatatypeFactory
	javax.xml.parsers.DocumentBuilderFactory = __redirected.__DocumentBuilderFactory
	javax.xml.parsers.SAXParserFactory = __redirected.__SAXParserFactory
	javax.xml.stream.XMLEventFactory = __redirected.__XMLEventFactory
	javax.xml.stream.XMLInputFactory = __redirected.__XMLInputFactory
	javax.xml.stream.XMLOutputFactory = __redirected.__XMLOutputFactory
	javax.xml.transform.TransformerFactory = __redirected.__TransformerFactory
	javax.xml.validation.SchemaFactory:http://www.w3.org/2001/XMLSchema = __redirected.__SchemaFactory
	javax.xml.xpath.XPathFactory:http://java.sun.com/jaxp/xpath/dom = __redirected.__XPathFactory
	jboss.bind.address = localhost
	jboss.bind.address.management = localhost
	jboss.home.dir = /home/luanadriani/java/server/wildfly-10.1.0.Final
	jboss.host.name = not-luan
	jboss.modules.dir = /home/luanadriani/java/server/wildfly-10.1.0.Final/modules
	jboss.modules.system.pkgs = org.jboss.byteman
	jboss.node.name = not-luan
	jboss.qualified.host.name = not-luan
	jboss.server.base.dir = /home/luanadriani/java/server/wildfly-10.1.0.Final/standalone
	jboss.server.config.dir = /home/luanadriani/java/server/wildfly-10.1.0.Final/standalone/configuration
	jboss.server.data.dir = /home/luanadriani/java/server/wildfly-10.1.0.Final/standalone/data
	jboss.server.deploy.dir = /home/luanadriani/java/server/wildfly-10.1.0.Final/standalone/data/content
	jboss.server.log.dir = /home/luanadriani/java/server/wildfly-10.1.0.Final/standalone/log
	jboss.server.name = not-luan
	jboss.server.persist.config = true
	jboss.server.temp.dir = /home/luanadriani/java/server/wildfly-10.1.0.Final/standalone/tmp
	line.separator = 

	logging.configuration = file:/home/luanadriani/java/server/wildfly-10.1.0.Final/standalone/configuration/logging.properties
	module.path = /home/luanadriani/java/server/wildfly-10.1.0.Final/modules
	org.jboss.boot.log.file = /home/luanadriani/java/server/wildfly-10.1.0.Final/standalone/log/boot.log
	org.jboss.logmanager.nocolor = true
	org.jboss.resolver.warning = true
	org.xml.sax.driver = __redirected.__XMLReaderFactory
	os.arch = amd64
	os.name = Linux
	os.version = 4.10.0-37-generic
	path.separator = :
	program.name = JBossTools: WildFly 10.x
	sun.arch.data.model = 64
	sun.boot.class.path = /usr/lib/jvm/java-8-oracle/jre/lib/resources.jar:/usr/lib/jvm/java-8-oracle/jre/lib/rt.jar:/usr/lib/jvm/java-8-oracle/jre/lib/sunrsasign.jar:/usr/lib/jvm/java-8-oracle/jre/lib/jsse.jar:/usr/lib/jvm/java-8-oracle/jre/lib/jce.jar:/usr/lib/jvm/java-8-oracle/jre/lib/charsets.jar:/usr/lib/jvm/java-8-oracle/jre/lib/jfr.jar:/usr/lib/jvm/java-8-oracle/jre/classes
	sun.boot.library.path = /usr/lib/jvm/java-8-oracle/jre/lib/amd64
	sun.cpu.endian = little
	sun.cpu.isalist = 
	sun.desktop = gnome
	sun.io.unicode.encoding = UnicodeLittle
	sun.java.command = org.jboss.modules.Main -mp /home/luanadriani/java/server/wildfly-10.1.0.Final/modules org.jboss.as.standalone -b localhost --server-config=standalone.xml -Djboss.server.base.dir=/home/luanadriani/java/server/wildfly-10.1.0.Final/standalone
	sun.java.launcher = SUN_STANDARD
	sun.jnu.encoding = UTF-8
	sun.management.compiler = HotSpot 64-Bit Tiered Compilers
	sun.os.patch.level = unknown
	sun.rmi.dgc.client.gcInterval = 3600000
	sun.rmi.dgc.server.gcInterval = 3600000
	user.country = US
	user.country.format = BR
	user.dir = /home/luanadriani/java/server/wildfly-10.1.0.Final/bin
	user.home = /home/luanadriani
	user.language = en
	user.language.format = pt
	user.name = luanadriani
	user.timezone = America/Sao_Paulo
2018-01-30 09:46:49,780 DEBUG [org.jboss.as.config] (MSC service thread 1-1) VM Arguments: -Dprogram.name=JBossTools: WildFly 10.x -Xms64m -Xmx512m -Dorg.jboss.resolver.warning=true -Djava.net.preferIPv4Stack=true -Dsun.rmi.dgc.client.gcInterval=3600000 -Dsun.rmi.dgc.server.gcInterval=3600000 -Djboss.modules.system.pkgs=org.jboss.byteman -Djava.awt.headless=true -Dorg.jboss.boot.log.file=/home/luanadriani/java/server/wildfly-10.1.0.Final/standalone/log/boot.log -Dlogging.configuration=file:/home/luanadriani/java/server/wildfly-10.1.0.Final/standalone/configuration/logging.properties -Djboss.home.dir=/home/luanadriani/java/server/wildfly-10.1.0.Final -Dorg.jboss.logmanager.nocolor=true -Djboss.bind.address.management=localhost -Dfile.encoding=UTF-8 
2018-01-30 09:46:57,226 INFO  [org.jboss.as.server.deployment.scanner] (DeploymentScanner-threads - 1) WFLYDS0004: Found home-0.0.1-SNAPSHOT.war in deployment directory. To trigger deployment create a file called home-0.0.1-SNAPSHOT.war.dodeploy
2018-01-30 09:46:57,431 INFO  [org.jboss.as.server] (Controller Boot Thread) WFLYSRV0039: Creating http management service using socket-binding (management-http)
2018-01-30 09:46:57,535 INFO  [org.xnio] (MSC service thread 1-2) XNIO version 3.4.0.Final
2018-01-30 09:46:57,594 INFO  [org.xnio.nio] (MSC service thread 1-2) XNIO NIO Implementation Version 3.4.0.Final
2018-01-30 09:46:57,765 WARN  [org.jboss.as.txn] (ServerService Thread Pool -- 54) WFLYTX0013: Node identifier property is set to the default value. Please make sure it is unique.
2018-01-30 09:46:57,773 INFO  [org.jboss.as.clustering.infinispan] (ServerService Thread Pool -- 38) WFLYCLINF0001: Activating Infinispan subsystem.
2018-01-30 09:46:57,807 INFO  [org.jboss.as.naming] (ServerService Thread Pool -- 46) WFLYNAM0001: Activating Naming Subsystem
2018-01-30 09:46:57,809 INFO  [org.jboss.as.webservices] (ServerService Thread Pool -- 56) WFLYWS0002: Activating WebServices Extension
2018-01-30 09:46:57,815 INFO  [org.jboss.as.security] (ServerService Thread Pool -- 53) WFLYSEC0002: Activating Security Subsystem
2018-01-30 09:46:57,806 INFO  [org.jboss.as.jsf] (ServerService Thread Pool -- 44) WFLYJSF0007: Activated the following JSF Implementations: [main]
2018-01-30 09:46:57,829 INFO  [org.wildfly.extension.io] (ServerService Thread Pool -- 37) WFLYIO001: Worker 'default' has auto-configured to 4 core threads with 32 task threads based on your 2 available processors
2018-01-30 09:46:58,163 INFO  [org.jboss.as.security] (MSC service thread 1-4) WFLYSEC0001: Current PicketBox version=4.9.6.Final
2018-01-30 09:46:58,753 INFO  [org.jboss.as.connector] (MSC service thread 1-4) WFLYJCA0009: Starting JCA Subsystem (WildFly/IronJacamar 1.3.4.Final)
2018-01-30 09:46:58,910 INFO  [org.jboss.as.connector.subsystems.datasources] (ServerService Thread Pool -- 33) WFLYJCA0004: Deploying JDBC-compliant driver class org.h2.Driver (version 1.3)
2018-01-30 09:46:59,045 INFO  [org.wildfly.extension.undertow] (MSC service thread 1-1) WFLYUT0003: Undertow 1.4.0.Final starting
2018-01-30 09:46:59,079 INFO  [org.wildfly.extension.undertow] (ServerService Thread Pool -- 55) WFLYUT0014: Creating file handler for path '/home/luanadriani/java/server/wildfly-10.1.0.Final/welcome-content' with options [directory-listing: 'false', follow-symlink: 'false', case-sensitive: 'true', safe-symlink-paths: '[]']
2018-01-30 09:46:59,081 INFO  [org.jboss.as.connector.deployers.jdbc] (MSC service thread 1-1) WFLYJCA0018: Started Driver service with driver-name = h2
2018-01-30 09:46:59,238 INFO  [org.jboss.remoting] (MSC service thread 1-3) JBoss Remoting version 4.0.21.Final
2018-01-30 09:46:59,262 INFO  [org.jboss.as.naming] (MSC service thread 1-3) WFLYNAM0003: Starting Naming Service
2018-01-30 09:46:59,267 INFO  [org.jboss.as.mail.extension] (MSC service thread 1-3) WFLYMAIL0001: Bound mail session [java:jboss/mail/Default]
2018-01-30 09:46:59,548 INFO  [org.wildfly.extension.undertow] (MSC service thread 1-4) WFLYUT0012: Started server default-server.
2018-01-30 09:46:59,551 INFO  [org.wildfly.extension.undertow] (MSC service thread 1-1) WFLYUT0018: Host default-host starting
2018-01-30 09:47:00,097 INFO  [org.jboss.as.ejb3] (MSC service thread 1-2) WFLYEJB0482: Strict pool mdb-strict-max-pool is using a max instance size of 8 (per class), which is derived from the number of CPUs on this host.
2018-01-30 09:47:00,098 INFO  [org.jboss.as.ejb3] (MSC service thread 1-1) WFLYEJB0481: Strict pool slsb-strict-max-pool is using a max instance size of 32 (per class), which is derived from thread worker pool sizing.
2018-01-30 09:47:00,213 INFO  [org.wildfly.extension.undertow] (MSC service thread 1-4) WFLYUT0006: Undertow HTTP listener default listening on 127.0.0.1:8080
2018-01-30 09:47:00,780 WARN  [org.jboss.as.domain.management.security] (MSC service thread 1-3) WFLYDM0111: Keystore /home/luanadriani/java/server/wildfly-10.1.0.Final/standalone/configuration/application.keystore not found, it will be auto generated on first use with a self signed certificate for host localhost
2018-01-30 09:47:00,824 INFO  [org.jboss.as.server.deployment] (MSC service thread 1-4) WFLYSRV0027: Starting deployment of "home-0.0.1-SNAPSHOT.war" (runtime-name: "home-0.0.1-SNAPSHOT.war")
2018-01-30 09:47:00,826 INFO  [org.jboss.as.server.deployment] (MSC service thread 1-4) WFLYSRV0027: Starting deployment of "mysql-connector-java-5.1.44-bin.jar" (runtime-name: "mysql-connector-java-5.1.44-bin.jar")
2018-01-30 09:47:00,837 INFO  [org.jboss.as.server.deployment.scanner] (MSC service thread 1-4) WFLYDS0013: Started FileSystemDeploymentService for directory /home/luanadriani/java/server/wildfly-10.1.0.Final/standalone/deployments
2018-01-30 09:47:01,580 INFO  [org.infinispan.factories.GlobalComponentRegistry] (MSC service thread 1-2) ISPN000128: Infinispan version: Infinispan 'Chakra' 8.2.4.Final
2018-01-30 09:47:01,859 INFO  [org.infinispan.configuration.cache.EvictionConfigurationBuilder] (ServerService Thread Pool -- 60) ISPN000152: Passivation configured without an eviction policy being selected. Only manually evicted entities will be passivated.
2018-01-30 09:47:01,869 INFO  [org.infinispan.configuration.cache.EvictionConfigurationBuilder] (ServerService Thread Pool -- 60) ISPN000152: Passivation configured without an eviction policy being selected. Only manually evicted entities will be passivated.
2018-01-30 09:47:01,872 INFO  [org.infinispan.configuration.cache.EvictionConfigurationBuilder] (ServerService Thread Pool -- 62) ISPN000152: Passivation configured without an eviction policy being selected. Only manually evicted entities will be passivated.
2018-01-30 09:47:01,874 INFO  [org.infinispan.configuration.cache.EvictionConfigurationBuilder] (ServerService Thread Pool -- 62) ISPN000152: Passivation configured without an eviction policy being selected. Only manually evicted entities will be passivated.
2018-01-30 09:47:01,877 INFO  [org.infinispan.configuration.cache.EvictionConfigurationBuilder] (ServerService Thread Pool -- 61) ISPN000152: Passivation configured without an eviction policy being selected. Only manually evicted entities will be passivated.
2018-01-30 09:47:01,878 INFO  [org.infinispan.configuration.cache.EvictionConfigurationBuilder] (ServerService Thread Pool -- 61) ISPN000152: Passivation configured without an eviction policy being selected. Only manually evicted entities will be passivated.
2018-01-30 09:47:02,207 INFO  [org.jboss.as.connector.subsystems.datasources] (MSC service thread 1-3) WFLYJCA0001: Bound data source [java:jboss/datasources/ExampleDS]
2018-01-30 09:47:03,467 INFO  [org.wildfly.extension.undertow] (MSC service thread 1-1) WFLYUT0006: Undertow HTTPS listener https listening on 127.0.0.1:8443
2018-01-30 09:47:03,967 INFO  [org.jboss.ws.common.management] (MSC service thread 1-1) JBWS022052: Starting JBossWS 5.1.5.Final (Apache CXF 3.1.6) 
2018-01-30 09:47:04,249 INFO  [org.jboss.as.jpa] (MSC service thread 1-3) WFLYJPA0002: Read persistence.xml for homePU
2018-01-30 09:47:05,421 INFO  [org.jboss.as.connector.deployers.jdbc] (MSC service thread 1-1) WFLYJCA0005: Deploying non-JDBC-compliant driver class com.mysql.jdbc.Driver (version 5.1)
2018-01-30 09:47:05,422 INFO  [org.jboss.as.connector.deployers.jdbc] (MSC service thread 1-1) WFLYJCA0005: Deploying non-JDBC-compliant driver class com.mysql.fabric.jdbc.FabricMySQLDriver (version 5.1)
2018-01-30 09:47:05,500 INFO  [org.jboss.as.connector.deployers.jdbc] (MSC service thread 1-2) WFLYJCA0018: Started Driver service with driver-name = mysql-connector-java-5.1.44-bin.jar_com.mysql.fabric.jdbc.FabricMySQLDriver_5_1
2018-01-30 09:47:05,500 INFO  [org.jboss.as.connector.deployers.jdbc] (MSC service thread 1-2) WFLYJCA0018: Started Driver service with driver-name = mysql-connector-java-5.1.44-bin.jar_com.mysql.jdbc.Driver_5_1
2018-01-30 09:47:05,522 INFO  [org.jboss.as.connector.subsystems.datasources] (MSC service thread 1-1) WFLYJCA0001: Bound data source [java:/MySqlDS]
2018-01-30 09:47:05,536 INFO  [org.jboss.as.jpa] (ServerService Thread Pool -- 63) WFLYJPA0010: Starting Persistence Unit (phase 1 of 2) Service 'home-0.0.1-SNAPSHOT.war#homePU'
2018-01-30 09:47:05,628 INFO  [org.hibernate.jpa.internal.util.LogHelper] (ServerService Thread Pool -- 63) HHH000204: Processing PersistenceUnitInfo [
	name: homePU
	...]
2018-01-30 09:47:05,857 INFO  [org.jboss.weld.deployer] (MSC service thread 1-3) WFLYWELD0003: Processing weld deployment home-0.0.1-SNAPSHOT.war
2018-01-30 09:47:06,691 INFO  [org.hibernate.validator.internal.util.Version] (MSC service thread 1-3) HV000001: Hibernate Validator 5.2.4.Final
2018-01-30 09:47:06,728 INFO  [org.hibernate.Version] (ServerService Thread Pool -- 63) HHH000412: Hibernate Core {5.0.10.Final}
2018-01-30 09:47:06,729 INFO  [org.hibernate.cfg.Environment] (ServerService Thread Pool -- 63) HHH000206: hibernate.properties not found
2018-01-30 09:47:06,740 INFO  [org.hibernate.cfg.Environment] (ServerService Thread Pool -- 63) HHH000021: Bytecode provider name : javassist
2018-01-30 09:47:07,205 INFO  [org.hibernate.annotations.common.Version] (ServerService Thread Pool -- 63) HCANN000001: Hibernate Commons Annotations {5.0.1.Final}
2018-01-30 09:47:07,485 INFO  [org.jboss.as.ejb3.deployment] (MSC service thread 1-3) WFLYEJB0473: JNDI bindings for session bean named 'PaisEJB' in deployment unit 'deployment "home-0.0.1-SNAPSHOT.war"' are as follows:

	java:global/home-0.0.1-SNAPSHOT/PaisEJB!controller.ejb.PaisEJB
	java:app/home-0.0.1-SNAPSHOT/PaisEJB!controller.ejb.PaisEJB
	java:module/PaisEJB!controller.ejb.PaisEJB
	java:global/home-0.0.1-SNAPSHOT/PaisEJB
	java:app/home-0.0.1-SNAPSHOT/PaisEJB
	java:module/PaisEJB

2018-01-30 09:47:08,093 INFO  [org.infinispan.configuration.cache.EvictionConfigurationBuilder] (ServerService Thread Pool -- 63) ISPN000152: Passivation configured without an eviction policy being selected. Only manually evicted entities will be passivated.
2018-01-30 09:47:08,094 INFO  [org.infinispan.configuration.cache.EvictionConfigurationBuilder] (ServerService Thread Pool -- 63) ISPN000152: Passivation configured without an eviction policy being selected. Only manually evicted entities will be passivated.
2018-01-30 09:47:08,437 INFO  [org.jboss.weld.Version] (MSC service thread 1-1) WELD-000900: 2.3.5 (Final)
2018-01-30 09:47:09,640 INFO  [org.jboss.as.jpa] (ServerService Thread Pool -- 61) WFLYJPA0010: Starting Persistence Unit (phase 2 of 2) Service 'home-0.0.1-SNAPSHOT.war#homePU'
2018-01-30 09:47:09,873 INFO  [org.jboss.as.clustering.infinispan] (ServerService Thread Pool -- 63) WFLYCLINF0002: Started client-mappings cache from ejb container
2018-01-30 09:47:10,652 ERROR [stderr] (ServerService Thread Pool -- 61) Tue Jan 30 09:47:10 BRST 2018 WARN: Establishing SSL connection without server's identity verification is not recommended. According to MySQL 5.5.45+, 5.6.26+ and 5.7.6+ requirements SSL connection must be established by default if explicit option isn't set. For compliance with existing applications not using SSL the verifyServerCertificate property is set to 'false'. You need either to explicitly disable SSL by setting useSSL=false, or set useSSL=true and provide truststore for server certificate verification.
2018-01-30 09:47:11,107 INFO  [org.hibernate.dialect.Dialect] (ServerService Thread Pool -- 61) HHH000400: Using dialect: org.hibernate.dialect.MySQL5Dialect
2018-01-30 09:47:11,478 INFO  [org.hibernate.envers.boot.internal.EnversServiceImpl] (ServerService Thread Pool -- 61) Envers integration enabled? : true
2018-01-30 09:47:12,792 INFO  [org.hibernate.tool.hbm2ddl.SchemaValidator] (ServerService Thread Pool -- 61) HHH000229: Running schema validator
2018-01-30 09:47:15,139 INFO  [javax.enterprise.resource.webcontainer.jsf.config] (ServerService Thread Pool -- 61) Initializing Mojarra 2.2.13.SP1 20160303-1204 for context '/home'
2018-01-30 09:47:16,829 INFO  [org.wildfly.extension.undertow] (ServerService Thread Pool -- 61) WFLYUT0021: Registered web context: /home
2018-01-30 09:47:16,875 INFO  [org.jboss.as.server] (Controller Boot Thread) WFLYSRV0010: Deployed "mysql-connector-java-5.1.44-bin.jar" (runtime-name : "mysql-connector-java-5.1.44-bin.jar")
2018-01-30 09:47:16,877 INFO  [org.jboss.as.server] (ServerService Thread Pool -- 34) WFLYSRV0010: Deployed "home-0.0.1-SNAPSHOT.war" (runtime-name : "home-0.0.1-SNAPSHOT.war")
2018-01-30 09:47:17,079 INFO  [org.jboss.as] (Controller Boot Thread) WFLYSRV0060: Http management interface listening on http://127.0.0.1:9990/management
2018-01-30 09:47:17,080 INFO  [org.jboss.as] (Controller Boot Thread) WFLYSRV0051: Admin console listening on http://127.0.0.1:9990
2018-01-30 09:47:17,080 INFO  [org.jboss.as] (Controller Boot Thread) WFLYSRV0025: WildFly Full 10.1.0.Final (WildFly Core 2.2.0.Final) started in 32719ms - Started 517 of 759 services (413 services are lazy, passive or on-demand)
2018-01-30 09:50:07,053 INFO  [org.jboss.as.server] (management-handler-thread - 6) WFLYSRV0236: Suspending server with no timeout.
2018-01-30 09:50:07,105 INFO  [org.jboss.as.server] (Management Triggered Shutdown) WFLYSRV0241: Shutting down in response to management operation 'shutdown'
2018-01-30 09:50:07,204 INFO  [org.wildfly.extension.undertow] (ServerService Thread Pool -- 66) WFLYUT0022: Unregistered web context: /home
2018-01-30 09:50:07,237 INFO  [org.jboss.as.connector.deployers.jdbc] (MSC service thread 1-1) WFLYJCA0019: Stopped Driver service with driver-name = mysql-connector-java-5.1.44-bin.jar_com.mysql.fabric.jdbc.FabricMySQLDriver_5_1
2018-01-30 09:50:07,360 INFO  [org.wildfly.extension.undertow] (MSC service thread 1-4) WFLYUT0019: Host default-host stopping
2018-01-30 09:50:07,430 INFO  [org.jboss.as.connector.subsystems.datasources] (MSC service thread 1-1) WFLYJCA0010: Unbound data source [java:jboss/datasources/ExampleDS]
2018-01-30 09:50:07,431 INFO  [org.jboss.as.jpa] (ServerService Thread Pool -- 69) WFLYJPA0011: Stopping Persistence Unit (phase 2 of 2) Service 'home-0.0.1-SNAPSHOT.war#homePU'
2018-01-30 09:50:07,440 INFO  [org.jboss.as.connector.deployers.jdbc] (MSC service thread 1-4) WFLYJCA0019: Stopped Driver service with driver-name = h2
2018-01-30 09:50:07,451 INFO  [org.jboss.as.clustering.infinispan] (ServerService Thread Pool -- 68) WFLYCLINF0003: Stopped client-mappings cache from ejb container
2018-01-30 09:50:07,461 INFO  [org.jboss.as.jpa] (ServerService Thread Pool -- 69) WFLYJPA0011: Stopping Persistence Unit (phase 1 of 2) Service 'home-0.0.1-SNAPSHOT.war#homePU'
2018-01-30 09:50:07,461 INFO  [org.jboss.as.connector.subsystems.datasources] (MSC service thread 1-4) WFLYJCA0010: Unbound data source [java:/MySqlDS]
2018-01-30 09:50:07,495 INFO  [org.jboss.as.server.deployment] (MSC service thread 1-2) WFLYSRV0028: Stopped deployment home-0.0.1-SNAPSHOT.war (runtime-name: home-0.0.1-SNAPSHOT.war) in 319ms
2018-01-30 09:50:07,514 INFO  [org.jboss.as.connector.deployers.jdbc] (MSC service thread 1-4) WFLYJCA0019: Stopped Driver service with driver-name = mysql-connector-java-5.1.44-bin.jar_com.mysql.jdbc.Driver_5_1
2018-01-30 09:50:07,526 INFO  [org.wildfly.extension.undertow] (MSC service thread 1-3) WFLYUT0008: Undertow HTTP listener default suspending
2018-01-30 09:50:07,527 INFO  [org.wildfly.extension.undertow] (MSC service thread 1-4) WFLYUT0008: Undertow HTTPS listener https suspending
2018-01-30 09:50:07,528 INFO  [org.jboss.as.server.deployment] (MSC service thread 1-2) WFLYSRV0028: Stopped deployment mysql-connector-java-5.1.44-bin.jar (runtime-name: mysql-connector-java-5.1.44-bin.jar) in 353ms
2018-01-30 09:50:07,529 INFO  [org.wildfly.extension.undertow] (MSC service thread 1-3) WFLYUT0007: Undertow HTTP listener default stopped, was bound to 127.0.0.1:8080
2018-01-30 09:50:07,531 INFO  [org.wildfly.extension.undertow] (MSC service thread 1-4) WFLYUT0007: Undertow HTTPS listener https stopped, was bound to 127.0.0.1:8443
2018-01-30 09:50:07,549 INFO  [org.wildfly.extension.undertow] (MSC service thread 1-2) WFLYUT0004: Undertow 1.4.0.Final stopping
2018-01-30 09:50:07,572 INFO  [org.jboss.as] (MSC service thread 1-2) WFLYSRV0050: WildFly Full 10.1.0.Final (WildFly Core 2.2.0.Final) stopped in 385ms
2018-01-30 09:51:14,529 INFO  [org.jboss.modules] (main) JBoss Modules version 1.5.2.Final
2018-01-30 09:51:15,044 INFO  [org.jboss.msc] (main) JBoss MSC version 1.2.6.Final
2018-01-30 09:51:15,380 INFO  [org.jboss.as] (MSC service thread 1-2) WFLYSRV0049: WildFly Full 10.1.0.Final (WildFly Core 2.2.0.Final) starting
2018-01-30 09:51:15,381 DEBUG [org.jboss.as.config] (MSC service thread 1-2) Configured system properties:
	awt.toolkit = sun.awt.X11.XToolkit
	file.encoding = UTF-8
	file.encoding.pkg = sun.io
	file.separator = /
	java.awt.graphicsenv = sun.awt.X11GraphicsEnvironment
	java.awt.headless = true
	java.awt.printerjob = sun.print.PSPrinterJob
	java.class.path = /home/luanadriani/java/server/wildfly-10.1.0.Final/jboss-modules.jar
	java.class.version = 52.0
	java.endorsed.dirs = /usr/lib/jvm/java-8-oracle/jre/lib/endorsed
	java.ext.dirs = /usr/lib/jvm/java-8-oracle/jre/lib/ext:/usr/java/packages/lib/ext
	java.home = /usr/lib/jvm/java-8-oracle/jre
	java.io.tmpdir = /tmp
	java.library.path = /usr/java/packages/lib/amd64:/usr/lib64:/lib64:/lib:/usr/lib
	java.net.preferIPv4Stack = true
	java.runtime.name = Java(TM) SE Runtime Environment
	java.runtime.version = 1.8.0_144-b01
	java.specification.name = Java Platform API Specification
	java.specification.vendor = Oracle Corporation
	java.specification.version = 1.8
	java.util.logging.manager = org.jboss.logmanager.LogManager
	java.vendor = Oracle Corporation
	java.vendor.url = http://java.oracle.com/
	java.vendor.url.bug = http://bugreport.sun.com/bugreport/
	java.version = 1.8.0_144
	java.vm.info = mixed mode
	java.vm.name = Java HotSpot(TM) 64-Bit Server VM
	java.vm.specification.name = Java Virtual Machine Specification
	java.vm.specification.vendor = Oracle Corporation
	java.vm.specification.version = 1.8
	java.vm.vendor = Oracle Corporation
	java.vm.version = 25.144-b01
	javax.management.builder.initial = org.jboss.as.jmx.PluggableMBeanServerBuilder
	javax.xml.datatype.DatatypeFactory = __redirected.__DatatypeFactory
	javax.xml.parsers.DocumentBuilderFactory = __redirected.__DocumentBuilderFactory
	javax.xml.parsers.SAXParserFactory = __redirected.__SAXParserFactory
	javax.xml.stream.XMLEventFactory = __redirected.__XMLEventFactory
	javax.xml.stream.XMLInputFactory = __redirected.__XMLInputFactory
	javax.xml.stream.XMLOutputFactory = __redirected.__XMLOutputFactory
	javax.xml.transform.TransformerFactory = __redirected.__TransformerFactory
	javax.xml.validation.SchemaFactory:http://www.w3.org/2001/XMLSchema = __redirected.__SchemaFactory
	javax.xml.xpath.XPathFactory:http://java.sun.com/jaxp/xpath/dom = __redirected.__XPathFactory
	jboss.bind.address = localhost
	jboss.bind.address.management = localhost
	jboss.home.dir = /home/luanadriani/java/server/wildfly-10.1.0.Final
	jboss.host.name = not-luan
	jboss.modules.dir = /home/luanadriani/java/server/wildfly-10.1.0.Final/modules
	jboss.modules.system.pkgs = org.jboss.byteman
	jboss.node.name = not-luan
	jboss.qualified.host.name = not-luan
	jboss.server.base.dir = /home/luanadriani/java/server/wildfly-10.1.0.Final/standalone
	jboss.server.config.dir = /home/luanadriani/java/server/wildfly-10.1.0.Final/standalone/configuration
	jboss.server.data.dir = /home/luanadriani/java/server/wildfly-10.1.0.Final/standalone/data
	jboss.server.deploy.dir = /home/luanadriani/java/server/wildfly-10.1.0.Final/standalone/data/content
	jboss.server.log.dir = /home/luanadriani/java/server/wildfly-10.1.0.Final/standalone/log
	jboss.server.name = not-luan
	jboss.server.persist.config = true
	jboss.server.temp.dir = /home/luanadriani/java/server/wildfly-10.1.0.Final/standalone/tmp
	line.separator = 

	logging.configuration = file:/home/luanadriani/java/server/wildfly-10.1.0.Final/standalone/configuration/logging.properties
	module.path = /home/luanadriani/java/server/wildfly-10.1.0.Final/modules
	org.jboss.boot.log.file = /home/luanadriani/java/server/wildfly-10.1.0.Final/standalone/log/boot.log
	org.jboss.logmanager.nocolor = true
	org.jboss.resolver.warning = true
	org.xml.sax.driver = __redirected.__XMLReaderFactory
	os.arch = amd64
	os.name = Linux
	os.version = 4.10.0-37-generic
	path.separator = :
	program.name = JBossTools: WildFly 10.x
	sun.arch.data.model = 64
	sun.boot.class.path = /usr/lib/jvm/java-8-oracle/jre/lib/resources.jar:/usr/lib/jvm/java-8-oracle/jre/lib/rt.jar:/usr/lib/jvm/java-8-oracle/jre/lib/sunrsasign.jar:/usr/lib/jvm/java-8-oracle/jre/lib/jsse.jar:/usr/lib/jvm/java-8-oracle/jre/lib/jce.jar:/usr/lib/jvm/java-8-oracle/jre/lib/charsets.jar:/usr/lib/jvm/java-8-oracle/jre/lib/jfr.jar:/usr/lib/jvm/java-8-oracle/jre/classes
	sun.boot.library.path = /usr/lib/jvm/java-8-oracle/jre/lib/amd64
	sun.cpu.endian = little
	sun.cpu.isalist = 
	sun.desktop = gnome
	sun.io.unicode.encoding = UnicodeLittle
	sun.java.command = org.jboss.modules.Main -mp /home/luanadriani/java/server/wildfly-10.1.0.Final/modules org.jboss.as.standalone -b localhost --server-config=standalone.xml -Djboss.server.base.dir=/home/luanadriani/java/server/wildfly-10.1.0.Final/standalone
	sun.java.launcher = SUN_STANDARD
	sun.jnu.encoding = UTF-8
	sun.management.compiler = HotSpot 64-Bit Tiered Compilers
	sun.os.patch.level = unknown
	sun.rmi.dgc.client.gcInterval = 3600000
	sun.rmi.dgc.server.gcInterval = 3600000
	user.country = US
	user.country.format = BR
	user.dir = /home/luanadriani/java/server/wildfly-10.1.0.Final/bin
	user.home = /home/luanadriani
	user.language = en
	user.language.format = pt
	user.name = luanadriani
	user.timezone = America/Sao_Paulo
2018-01-30 09:51:15,385 DEBUG [org.jboss.as.config] (MSC service thread 1-2) VM Arguments: -agentlib:jdwp=transport=dt_socket,suspend=y,address=localhost:35127 -Dprogram.name=JBossTools: WildFly 10.x -Xms64m -Xmx512m -Dorg.jboss.resolver.warning=true -Djava.net.preferIPv4Stack=true -Dsun.rmi.dgc.client.gcInterval=3600000 -Dsun.rmi.dgc.server.gcInterval=3600000 -Djboss.modules.system.pkgs=org.jboss.byteman -Djava.awt.headless=true -Dorg.jboss.boot.log.file=/home/luanadriani/java/server/wildfly-10.1.0.Final/standalone/log/boot.log -Dlogging.configuration=file:/home/luanadriani/java/server/wildfly-10.1.0.Final/standalone/configuration/logging.properties -Djboss.home.dir=/home/luanadriani/java/server/wildfly-10.1.0.Final -Dorg.jboss.logmanager.nocolor=true -Djboss.bind.address.management=localhost -Dfile.encoding=UTF-8 
2018-01-30 09:51:18,506 INFO  [org.jboss.as.server.deployment.scanner] (DeploymentScanner-threads - 1) WFLYDS0004: Found home-0.0.1-SNAPSHOT.war in deployment directory. To trigger deployment create a file called home-0.0.1-SNAPSHOT.war.dodeploy
2018-01-30 09:51:18,788 INFO  [org.jboss.as.server] (Controller Boot Thread) WFLYSRV0039: Creating http management service using socket-binding (management-http)
2018-01-30 09:51:18,964 INFO  [org.xnio] (MSC service thread 1-1) XNIO version 3.4.0.Final
2018-01-30 09:51:19,000 INFO  [org.xnio.nio] (MSC service thread 1-1) XNIO NIO Implementation Version 3.4.0.Final
2018-01-30 09:51:19,197 INFO  [org.jboss.as.clustering.infinispan] (ServerService Thread Pool -- 38) WFLYCLINF0001: Activating Infinispan subsystem.
2018-01-30 09:51:19,234 INFO  [org.wildfly.extension.io] (ServerService Thread Pool -- 37) WFLYIO001: Worker 'default' has auto-configured to 4 core threads with 32 task threads based on your 2 available processors
2018-01-30 09:51:19,324 INFO  [org.jboss.as.naming] (ServerService Thread Pool -- 46) WFLYNAM0001: Activating Naming Subsystem
2018-01-30 09:51:19,351 INFO  [org.jboss.remoting] (MSC service thread 1-2) JBoss Remoting version 4.0.21.Final
2018-01-30 09:51:19,380 INFO  [org.jboss.as.security] (ServerService Thread Pool -- 53) WFLYSEC0002: Activating Security Subsystem
2018-01-30 09:51:19,397 INFO  [org.jboss.as.webservices] (ServerService Thread Pool -- 56) WFLYWS0002: Activating WebServices Extension
2018-01-30 09:51:19,405 INFO  [org.jboss.as.connector.subsystems.datasources] (ServerService Thread Pool -- 33) WFLYJCA0004: Deploying JDBC-compliant driver class org.h2.Driver (version 1.3)
2018-01-30 09:51:19,380 WARN  [org.jboss.as.txn] (ServerService Thread Pool -- 54) WFLYTX0013: Node identifier property is set to the default value. Please make sure it is unique.
2018-01-30 09:51:19,336 INFO  [org.jboss.as.jsf] (ServerService Thread Pool -- 44) WFLYJSF0007: Activated the following JSF Implementations: [main]
2018-01-30 09:51:19,923 INFO  [org.jboss.as.security] (MSC service thread 1-2) WFLYSEC0001: Current PicketBox version=4.9.6.Final
2018-01-30 09:51:19,958 INFO  [org.jboss.as.naming] (MSC service thread 1-3) WFLYNAM0003: Starting Naming Service
2018-01-30 09:51:19,995 INFO  [org.wildfly.extension.undertow] (MSC service thread 1-4) WFLYUT0003: Undertow 1.4.0.Final starting
2018-01-30 09:51:19,981 INFO  [org.jboss.as.mail.extension] (MSC service thread 1-3) WFLYMAIL0001: Bound mail session [java:jboss/mail/Default]
2018-01-30 09:51:20,091 INFO  [org.jboss.as.connector] (MSC service thread 1-3) WFLYJCA0009: Starting JCA Subsystem (WildFly/IronJacamar 1.3.4.Final)
2018-01-30 09:51:20,163 INFO  [org.jboss.as.connector.deployers.jdbc] (MSC service thread 1-4) WFLYJCA0018: Started Driver service with driver-name = h2
2018-01-30 09:51:20,533 INFO  [org.wildfly.extension.undertow] (ServerService Thread Pool -- 55) WFLYUT0014: Creating file handler for path '/home/luanadriani/java/server/wildfly-10.1.0.Final/welcome-content' with options [directory-listing: 'false', follow-symlink: 'false', case-sensitive: 'true', safe-symlink-paths: '[]']
2018-01-30 09:51:20,631 INFO  [org.wildfly.extension.undertow] (MSC service thread 1-2) WFLYUT0012: Started server default-server.
2018-01-30 09:51:20,721 INFO  [org.wildfly.extension.undertow] (MSC service thread 1-1) WFLYUT0018: Host default-host starting
2018-01-30 09:51:20,813 INFO  [org.jboss.as.ejb3] (MSC service thread 1-2) WFLYEJB0481: Strict pool slsb-strict-max-pool is using a max instance size of 32 (per class), which is derived from thread worker pool sizing.
2018-01-30 09:51:20,829 INFO  [org.jboss.as.ejb3] (MSC service thread 1-3) WFLYEJB0482: Strict pool mdb-strict-max-pool is using a max instance size of 8 (per class), which is derived from the number of CPUs on this host.
2018-01-30 09:51:21,015 INFO  [org.wildfly.extension.undertow] (MSC service thread 1-4) WFLYUT0006: Undertow HTTP listener default listening on 127.0.0.1:8080
2018-01-30 09:51:21,717 INFO  [org.jboss.as.connector.subsystems.datasources] (MSC service thread 1-1) WFLYJCA0001: Bound data source [java:jboss/datasources/ExampleDS]
2018-01-30 09:51:22,246 WARN  [org.jboss.as.domain.management.security] (MSC service thread 1-3) WFLYDM0111: Keystore /home/luanadriani/java/server/wildfly-10.1.0.Final/standalone/configuration/application.keystore not found, it will be auto generated on first use with a self signed certificate for host localhost
2018-01-30 09:51:22,811 INFO  [org.infinispan.factories.GlobalComponentRegistry] (MSC service thread 1-2) ISPN000128: Infinispan version: Infinispan 'Chakra' 8.2.4.Final
2018-01-30 09:51:22,903 INFO  [org.jboss.as.server.deployment] (MSC service thread 1-4) WFLYSRV0027: Starting deployment of "home-0.0.1-SNAPSHOT.war" (runtime-name: "home-0.0.1-SNAPSHOT.war")
2018-01-30 09:51:22,912 INFO  [org.jboss.as.server.deployment] (MSC service thread 1-1) WFLYSRV0027: Starting deployment of "mysql-connector-java-5.1.44-bin.jar" (runtime-name: "mysql-connector-java-5.1.44-bin.jar")
2018-01-30 09:51:22,925 INFO  [org.jboss.as.server.deployment.scanner] (MSC service thread 1-2) WFLYDS0013: Started FileSystemDeploymentService for directory /home/luanadriani/java/server/wildfly-10.1.0.Final/standalone/deployments
2018-01-30 09:51:22,991 INFO  [org.infinispan.configuration.cache.EvictionConfigurationBuilder] (ServerService Thread Pool -- 61) ISPN000152: Passivation configured without an eviction policy being selected. Only manually evicted entities will be passivated.
2018-01-30 09:51:23,027 INFO  [org.infinispan.configuration.cache.EvictionConfigurationBuilder] (ServerService Thread Pool -- 61) ISPN000152: Passivation configured without an eviction policy being selected. Only manually evicted entities will be passivated.
2018-01-30 09:51:23,218 INFO  [org.infinispan.configuration.cache.EvictionConfigurationBuilder] (ServerService Thread Pool -- 62) ISPN000152: Passivation configured without an eviction policy being selected. Only manually evicted entities will be passivated.
2018-01-30 09:51:23,220 INFO  [org.infinispan.configuration.cache.EvictionConfigurationBuilder] (ServerService Thread Pool -- 62) ISPN000152: Passivation configured without an eviction policy being selected. Only manually evicted entities will be passivated.
2018-01-30 09:51:23,324 INFO  [org.infinispan.configuration.cache.EvictionConfigurationBuilder] (ServerService Thread Pool -- 63) ISPN000152: Passivation configured without an eviction policy being selected. Only manually evicted entities will be passivated.
2018-01-30 09:51:23,328 INFO  [org.infinispan.configuration.cache.EvictionConfigurationBuilder] (ServerService Thread Pool -- 63) ISPN000152: Passivation configured without an eviction policy being selected. Only manually evicted entities will be passivated.
2018-01-30 09:51:24,016 INFO  [org.wildfly.extension.undertow] (MSC service thread 1-4) WFLYUT0006: Undertow HTTPS listener https listening on 127.0.0.1:8443
2018-01-30 09:51:24,179 INFO  [org.jboss.ws.common.management] (MSC service thread 1-1) JBWS022052: Starting JBossWS 5.1.5.Final (Apache CXF 3.1.6) 
2018-01-30 09:51:24,387 INFO  [org.jboss.as.jpa] (MSC service thread 1-2) WFLYJPA0002: Read persistence.xml for homePU
2018-01-30 09:51:24,543 INFO  [org.jboss.as.connector.deployers.jdbc] (MSC service thread 1-4) WFLYJCA0005: Deploying non-JDBC-compliant driver class com.mysql.jdbc.Driver (version 5.1)
2018-01-30 09:51:24,569 INFO  [org.jboss.as.connector.deployers.jdbc] (MSC service thread 1-4) WFLYJCA0005: Deploying non-JDBC-compliant driver class com.mysql.fabric.jdbc.FabricMySQLDriver (version 5.1)
2018-01-30 09:51:24,626 INFO  [org.jboss.as.connector.deployers.jdbc] (MSC service thread 1-1) WFLYJCA0018: Started Driver service with driver-name = mysql-connector-java-5.1.44-bin.jar_com.mysql.fabric.jdbc.FabricMySQLDriver_5_1
2018-01-30 09:51:24,626 INFO  [org.jboss.as.connector.deployers.jdbc] (MSC service thread 1-3) WFLYJCA0018: Started Driver service with driver-name = mysql-connector-java-5.1.44-bin.jar_com.mysql.jdbc.Driver_5_1
2018-01-30 09:51:24,669 INFO  [org.jboss.as.connector.subsystems.datasources] (MSC service thread 1-1) WFLYJCA0001: Bound data source [java:/MySqlDS]
2018-01-30 09:51:24,671 INFO  [org.jboss.as.jpa] (ServerService Thread Pool -- 63) WFLYJPA0010: Starting Persistence Unit (phase 1 of 2) Service 'home-0.0.1-SNAPSHOT.war#homePU'
2018-01-30 09:51:24,748 INFO  [org.jboss.weld.deployer] (MSC service thread 1-2) WFLYWELD0003: Processing weld deployment home-0.0.1-SNAPSHOT.war
2018-01-30 09:51:25,415 INFO  [org.hibernate.jpa.internal.util.LogHelper] (ServerService Thread Pool -- 63) HHH000204: Processing PersistenceUnitInfo [
	name: homePU
	...]
2018-01-30 09:51:25,911 INFO  [org.hibernate.validator.internal.util.Version] (MSC service thread 1-2) HV000001: Hibernate Validator 5.2.4.Final
2018-01-30 09:51:25,975 INFO  [org.hibernate.Version] (ServerService Thread Pool -- 63) HHH000412: Hibernate Core {5.0.10.Final}
2018-01-30 09:51:26,016 INFO  [org.hibernate.cfg.Environment] (ServerService Thread Pool -- 63) HHH000206: hibernate.properties not found
2018-01-30 09:51:26,026 INFO  [org.hibernate.cfg.Environment] (ServerService Thread Pool -- 63) HHH000021: Bytecode provider name : javassist
2018-01-30 09:51:26,233 INFO  [org.hibernate.annotations.common.Version] (ServerService Thread Pool -- 63) HCANN000001: Hibernate Commons Annotations {5.0.1.Final}
2018-01-30 09:51:26,494 INFO  [org.jboss.as.ejb3.deployment] (MSC service thread 1-2) WFLYEJB0473: JNDI bindings for session bean named 'PaisEJB' in deployment unit 'deployment "home-0.0.1-SNAPSHOT.war"' are as follows:

	java:global/home-0.0.1-SNAPSHOT/PaisEJB!controller.ejb.PaisEJB
	java:app/home-0.0.1-SNAPSHOT/PaisEJB!controller.ejb.PaisEJB
	java:module/PaisEJB!controller.ejb.PaisEJB
	java:global/home-0.0.1-SNAPSHOT/PaisEJB
	java:app/home-0.0.1-SNAPSHOT/PaisEJB
	java:module/PaisEJB

2018-01-30 09:51:27,178 INFO  [org.infinispan.configuration.cache.EvictionConfigurationBuilder] (ServerService Thread Pool -- 63) ISPN000152: Passivation configured without an eviction policy being selected. Only manually evicted entities will be passivated.
2018-01-30 09:51:27,178 INFO  [org.infinispan.configuration.cache.EvictionConfigurationBuilder] (ServerService Thread Pool -- 63) ISPN000152: Passivation configured without an eviction policy being selected. Only manually evicted entities will be passivated.
2018-01-30 09:51:27,458 INFO  [org.jboss.weld.Version] (MSC service thread 1-1) WELD-000900: 2.3.5 (Final)
2018-01-30 09:51:28,258 INFO  [org.jboss.as.jpa] (ServerService Thread Pool -- 62) WFLYJPA0010: Starting Persistence Unit (phase 2 of 2) Service 'home-0.0.1-SNAPSHOT.war#homePU'
2018-01-30 09:51:29,248 INFO  [org.jboss.as.clustering.infinispan] (ServerService Thread Pool -- 63) WFLYCLINF0002: Started client-mappings cache from ejb container
2018-01-30 09:51:29,747 ERROR [stderr] (ServerService Thread Pool -- 62) Tue Jan 30 09:51:29 BRST 2018 WARN: Establishing SSL connection without server's identity verification is not recommended. According to MySQL 5.5.45+, 5.6.26+ and 5.7.6+ requirements SSL connection must be established by default if explicit option isn't set. For compliance with existing applications not using SSL the verifyServerCertificate property is set to 'false'. You need either to explicitly disable SSL by setting useSSL=false, or set useSSL=true and provide truststore for server certificate verification.
2018-01-30 09:51:30,520 INFO  [org.hibernate.dialect.Dialect] (ServerService Thread Pool -- 62) HHH000400: Using dialect: org.hibernate.dialect.MySQL5Dialect
2018-01-30 09:51:30,749 INFO  [org.hibernate.envers.boot.internal.EnversServiceImpl] (ServerService Thread Pool -- 62) Envers integration enabled? : true
2018-01-30 09:51:33,178 INFO  [org.hibernate.tool.hbm2ddl.SchemaValidator] (ServerService Thread Pool -- 62) HHH000229: Running schema validator
2018-01-30 09:51:36,054 INFO  [javax.enterprise.resource.webcontainer.jsf.config] (ServerService Thread Pool -- 62) Initializing Mojarra 2.2.13.SP1 20160303-1204 for context '/home'
2018-01-30 09:51:37,953 INFO  [org.wildfly.extension.undertow] (ServerService Thread Pool -- 62) WFLYUT0021: Registered web context: /home
2018-01-30 09:51:38,016 INFO  [org.jboss.as.server] (Controller Boot Thread) WFLYSRV0010: Deployed "mysql-connector-java-5.1.44-bin.jar" (runtime-name : "mysql-connector-java-5.1.44-bin.jar")
2018-01-30 09:51:38,017 INFO  [org.jboss.as.server] (ServerService Thread Pool -- 34) WFLYSRV0010: Deployed "home-0.0.1-SNAPSHOT.war" (runtime-name : "home-0.0.1-SNAPSHOT.war")
2018-01-30 09:51:38,605 INFO  [org.jboss.as] (Controller Boot Thread) WFLYSRV0060: Http management interface listening on http://127.0.0.1:9990/management
2018-01-30 09:51:38,607 INFO  [org.jboss.as] (Controller Boot Thread) WFLYSRV0051: Admin console listening on http://127.0.0.1:9990
2018-01-30 09:51:38,608 INFO  [org.jboss.as] (Controller Boot Thread) WFLYSRV0025: WildFly Full 10.1.0.Final (WildFly Core 2.2.0.Final) started in 25310ms - Started 517 of 759 services (413 services are lazy, passive or on-demand)
